{"/Users/omar/Documents/work/show-user-details/src/App.vue": {"path":"/Users/omar/Documents/work/show-user-details/src/App.vue","statementMap":{"0":{"start":{"line":4,"column":29},"end":{"line":4,"column":153}},"1":{"start":{"line":5,"column":0},"end":{"line":7,"column":3}},"2":{"start":{"line":8,"column":0},"end":{"line":8,"column":25}},"3":{"start":{"line":25,"column":0},"end":{"line":25,"column":13}},"4":{"start":{"line":27,"column":29},"end":{"line":27,"column":153}},"5":{"start":{"line":28,"column":0},"end":{"line":30,"column":3}},"6":{"start":{"line":31,"column":0},"end":{"line":31,"column":24}},"7":{"start":{"line":32,"column":11},"end":{"line":32,"column":25}},"8":{"start":{"line":33,"column":12},"end":{"line":33,"column":64}},"9":{"start":{"line":34,"column":32},"end":{"line":37,"column":26}},"10":{"start":{"line":40,"column":32},"end":{"line":40,"column":72}},"11":{"start":{"line":41,"column":2},"end":{"line":43,"column":33}},"12":{"start":{"line":44,"column":2},"end":{"line":44,"column":49}}},"fnMap":{"0":{"name":"render","decl":{"start":{"line":39,"column":9},"end":{"line":39,"column":15}},"loc":{"start":{"line":39,"column":30},"end":{"line":44,"column":1}},"line":39}},"branchMap":{},"s":{"0":0,"1":0,"2":0,"3":0,"4":0,"5":0,"6":0,"7":0,"8":0,"9":0,"10":0,"11":0,"12":0},"f":{"0":0},"b":{},"inputSourceMap":{"0":"{","1":"\"","2":"v","3":"e","4":"r","5":"s","6":"i","7":"o","8":"n","9":"\"","10":":","11":"3","12":",","13":"\"","14":"s","15":"o","16":"u","17":"r","18":"c","19":"e","20":"s","21":"\"","22":":","23":"[","24":"\"","25":"/","26":"U","27":"s","28":"e","29":"r","30":"s","31":"/","32":"o","33":"m","34":"a","35":"r","36":"/","37":"D","38":"o","39":"c","40":"u","41":"m","42":"e","43":"n","44":"t","45":"s","46":"/","47":"w","48":"o","49":"r","50":"k","51":"/","52":"s","53":"h","54":"o","55":"w","56":"-","57":"u","58":"s","59":"e","60":"r","61":"-","62":"d","63":"e","64":"t","65":"a","66":"i","67":"l","68":"s","69":"/","70":"s","71":"r","72":"c","73":"/","74":"A","75":"p","76":"p","77":".","78":"v","79":"u","80":"e","81":"\"","82":"]","83":",","84":"\"","85":"n","86":"a","87":"m","88":"e","89":"s","90":"\"","91":":","92":"[","93":"]","94":",","95":"\"","96":"m","97":"a","98":"p","99":"p","100":"i","101":"n","102":"g","103":"s","104":"\"","105":":","106":"\"","107":";","108":";","109":";","110":";","111":";","112":";","113":";","114":";","115":"A","116":"A","117":"M","118":"A","119":";","120":"A","121":"A","122":"A","123":"A","124":";","125":"A","126":"A","127":"A","128":"A","129":";","130":"A","131":"A","132":"A","133":"q","134":"D","135":";","136":"A","137":"A","138":"A","139":"A","140":",","141":"e","142":"A","143":"E","144":"t","145":"C","146":";","147":"E","148":"A","149":"C","150":"b","151":",","152":"I","153":"A","154":"A","155":"I","156":",","157":"E","158":"A","159":"A","160":"E","161":",","162":"K","163":"A","164":"A","165":"K","166":";","167":"E","168":"A","169":"C","170":"X","171":",","172":"U","173":"A","174":"A","175":"U","176":",","177":"E","178":"A","179":"A","180":"E","181":";","182":"I","183":"A","184":"C","185":"V","186":",","187":"U","188":"A","189":"A","190":"U","191":";","192":"I","193":"A","194":"A","195":"V","196":";","197":"I","198":"A","199":"A","200":"A","201":";","202":"I","203":"A","204":"A","205":"A","206":";","207":"I","208":"A","209":"A","210":"A","211":";","212":"E","213":"A","214":"C","215":"F","216":";","217":"A","218":"A","219":"C","220":"F","221":",","222":"C","223":"A","224":"A","225":"C","226":";","227":"A","228":"A","229":"A","230":"A","231":";","232":"A","233":"A","234":"A","235":"A","236":"\"","237":",","238":"\"","239":"f","240":"i","241":"l","242":"e","243":"\"","244":":","245":"\"","246":"/","247":"U","248":"s","249":"e","250":"r","251":"s","252":"/","253":"o","254":"m","255":"a","256":"r","257":"/","258":"D","259":"o","260":"c","261":"u","262":"m","263":"e","264":"n","265":"t","266":"s","267":"/","268":"w","269":"o","270":"r","271":"k","272":"/","273":"s","274":"h","275":"o","276":"w","277":"-","278":"u","279":"s","280":"e","281":"r","282":"-","283":"d","284":"e","285":"t","286":"a","287":"i","288":"l","289":"s","290":"/","291":"s","292":"r","293":"c","294":"/","295":"A","296":"p","297":"p","298":".","299":"v","300":"u","301":"e","302":"\"","303":",","304":"\"","305":"s","306":"o","307":"u","308":"r","309":"c","310":"e","311":"s","312":"C","313":"o","314":"n","315":"t","316":"e","317":"n","318":"t","319":"\"","320":":","321":"[","322":"\"","323":"<","324":"t","325":"e","326":"m","327":"p","328":"l","329":"a","330":"t","331":"e","332":">","333":"\\","334":"n","335":" ","336":" ","337":"<","338":"i","339":"m","340":"g","341":" ","342":"a","343":"l","344":"t","345":"=","346":"\\","347":"\"","348":"V","349":"u","350":"e","351":" ","352":"l","353":"o","354":"g","355":"o","356":"\\","357":"\"","358":" ","359":"s","360":"r","361":"c","362":"=","363":"\\","364":"\"","365":".","366":"/","367":"a","368":"s","369":"s","370":"e","371":"t","372":"s","373":"/","374":"l","375":"o","376":"g","377":"o","378":".","379":"p","380":"n","381":"g","382":"\\","383":"\"","384":" ","385":"/","386":">","387":"\\","388":"n","389":" ","390":" ","391":"<","392":"H","393":"e","394":"l","395":"l","396":"o","397":"W","398":"o","399":"r","400":"l","401":"d","402":" ","403":"m","404":"s","405":"g","406":"=","407":"\\","408":"\"","409":"W","410":"e","411":"l","412":"c","413":"o","414":"m","415":"e","416":" ","417":"t","418":"o","419":" ","420":"Y","421":"o","422":"u","423":"r","424":" ","425":"V","426":"u","427":"e","428":".","429":"j","430":"s","431":" ","432":"A","433":"p","434":"p","435":"\\","436":"\"","437":" ","438":"/","439":">","440":"\\","441":"n","442":"<","443":"/","444":"t","445":"e","446":"m","447":"p","448":"l","449":"a","450":"t","451":"e","452":">","453":"\\","454":"n","455":"\\","456":"n","457":"<","458":"s","459":"c","460":"r","461":"i","462":"p","463":"t","464":">","465":"\\","466":"n","467":"i","468":"m","469":"p","470":"o","471":"r","472":"t","473":" ","474":"H","475":"e","476":"l","477":"l","478":"o","479":"W","480":"o","481":"r","482":"l","483":"d","484":" ","485":"f","486":"r","487":"o","488":"m","489":" ","490":"\\","491":"\"","492":".","493":"/","494":"c","495":"o","496":"m","497":"p","498":"o","499":"n","500":"e","501":"n","502":"t","503":"s","504":"/","505":"H","506":"e","507":"l","508":"l","509":"o","510":"W","511":"o","512":"r","513":"l","514":"d","515":".","516":"v","517":"u","518":"e","519":"\\","520":"\"","521":";","522":"\\","523":"n","524":"\\","525":"n","526":"e","527":"x","528":"p","529":"o","530":"r","531":"t","532":" ","533":"d","534":"e","535":"f","536":"a","537":"u","538":"l","539":"t","540":" ","541":"{","542":"\\","543":"n","544":" ","545":" ","546":"n","547":"a","548":"m","549":"e","550":":","551":" ","552":"\\","553":"\"","554":"A","555":"p","556":"p","557":"\\","558":"\"","559":",","560":"\\","561":"n","562":" ","563":" ","564":"c","565":"o","566":"m","567":"p","568":"o","569":"n","570":"e","571":"n","572":"t","573":"s","574":":","575":" ","576":"{","577":"\\","578":"n","579":" ","580":" ","581":" ","582":" ","583":"H","584":"e","585":"l","586":"l","587":"o","588":"W","589":"o","590":"r","591":"l","592":"d","593":",","594":"\\","595":"n","596":" ","597":" ","598":"}","599":",","600":"\\","601":"n","602":"}","603":";","604":"\\","605":"n","606":"<","607":"/","608":"s","609":"c","610":"r","611":"i","612":"p","613":"t","614":">","615":"\\","616":"n","617":"\\","618":"n","619":"<","620":"s","621":"t","622":"y","623":"l","624":"e","625":" ","626":"l","627":"a","628":"n","629":"g","630":"=","631":"\\","632":"\"","633":"s","634":"c","635":"s","636":"s","637":"\\","638":"\"","639":">","640":"\\","641":"n","642":"#","643":"a","644":"p","645":"p","646":" ","647":"{","648":"\\","649":"n","650":" ","651":" ","652":"f","653":"o","654":"n","655":"t","656":"-","657":"f","658":"a","659":"m","660":"i","661":"l","662":"y","663":":","664":" ","665":"A","666":"v","667":"e","668":"n","669":"i","670":"r","671":",","672":" ","673":"H","674":"e","675":"l","676":"v","677":"e","678":"t","679":"i","680":"c","681":"a","682":",","683":" ","684":"A","685":"r","686":"i","687":"a","688":"l","689":",","690":" ","691":"s","692":"a","693":"n","694":"s","695":"-","696":"s","697":"e","698":"r","699":"i","700":"f","701":";","702":"\\","703":"n","704":" ","705":" ","706":"-","707":"w","708":"e","709":"b","710":"k","711":"i","712":"t","713":"-","714":"f","715":"o","716":"n","717":"t","718":"-","719":"s","720":"m","721":"o","722":"o","723":"t","724":"h","725":"i","726":"n","727":"g","728":":","729":" ","730":"a","731":"n","732":"t","733":"i","734":"a","735":"l","736":"i","737":"a","738":"s","739":"e","740":"d","741":";","742":"\\","743":"n","744":" ","745":" ","746":"-","747":"m","748":"o","749":"z","750":"-","751":"o","752":"s","753":"x","754":"-","755":"f","756":"o","757":"n","758":"t","759":"-","760":"s","761":"m","762":"o","763":"o","764":"t","765":"h","766":"i","767":"n","768":"g","769":":","770":" ","771":"g","772":"r","773":"a","774":"y","775":"s","776":"c","777":"a","778":"l","779":"e","780":";","781":"\\","782":"n","783":" ","784":" ","785":"t","786":"e","787":"x","788":"t","789":"-","790":"a","791":"l","792":"i","793":"g","794":"n","795":":","796":" ","797":"c","798":"e","799":"n","800":"t","801":"e","802":"r","803":";","804":"\\","805":"n","806":" ","807":" ","808":"c","809":"o","810":"l","811":"o","812":"r","813":":","814":" ","815":"#","816":"2","817":"c","818":"3","819":"e","820":"5","821":"0","822":";","823":"\\","824":"n","825":" ","826":" ","827":"m","828":"a","829":"r","830":"g","831":"i","832":"n","833":"-","834":"t","835":"o","836":"p","837":":","838":" ","839":"6","840":"0","841":"p","842":"x","843":";","844":"\\","845":"n","846":"}","847":"\\","848":"n","849":"<","850":"/","851":"s","852":"t","853":"y","854":"l","855":"e","856":">","857":"\\","858":"n","859":"\"","860":"]","861":"}"}}
,"/Users/omar/Documents/work/show-user-details/src/main.js": {"path":"/Users/omar/Documents/work/show-user-details/src/main.js","statementMap":{"0":{"start":{"line":5,"column":0},"end":{"line":5,"column":29}}},"fnMap":{},"branchMap":{},"s":{"0":0},"f":{},"b":{}}
,"/Users/omar/Documents/work/show-user-details/src/registerServiceWorker.js": {"path":"/Users/omar/Documents/work/show-user-details/src/registerServiceWorker.js","statementMap":{"0":{"start":{"line":5,"column":0},"end":{"line":34,"column":1}},"1":{"start":{"line":6,"column":2},"end":{"line":33,"column":5}},"2":{"start":{"line":8,"column":6},"end":{"line":11,"column":8}},"3":{"start":{"line":14,"column":6},"end":{"line":14,"column":57}},"4":{"start":{"line":17,"column":6},"end":{"line":17,"column":62}},"5":{"start":{"line":20,"column":6},"end":{"line":20,"column":49}},"6":{"start":{"line":23,"column":6},"end":{"line":23,"column":63}},"7":{"start":{"line":26,"column":6},"end":{"line":28,"column":8}},"8":{"start":{"line":31,"column":6},"end":{"line":31,"column":72}}},"fnMap":{"0":{"name":"(anonymous_0)","decl":{"start":{"line":7,"column":4},"end":{"line":7,"column":5}},"loc":{"start":{"line":7,"column":12},"end":{"line":12,"column":5}},"line":7},"1":{"name":"(anonymous_1)","decl":{"start":{"line":13,"column":4},"end":{"line":13,"column":5}},"loc":{"start":{"line":13,"column":17},"end":{"line":15,"column":5}},"line":13},"2":{"name":"(anonymous_2)","decl":{"start":{"line":16,"column":4},"end":{"line":16,"column":5}},"loc":{"start":{"line":16,"column":13},"end":{"line":18,"column":5}},"line":16},"3":{"name":"(anonymous_3)","decl":{"start":{"line":19,"column":4},"end":{"line":19,"column":5}},"loc":{"start":{"line":19,"column":18},"end":{"line":21,"column":5}},"line":19},"4":{"name":"(anonymous_4)","decl":{"start":{"line":22,"column":4},"end":{"line":22,"column":5}},"loc":{"start":{"line":22,"column":14},"end":{"line":24,"column":5}},"line":22},"5":{"name":"(anonymous_5)","decl":{"start":{"line":25,"column":4},"end":{"line":25,"column":5}},"loc":{"start":{"line":25,"column":14},"end":{"line":29,"column":5}},"line":25},"6":{"name":"(anonymous_6)","decl":{"start":{"line":30,"column":4},"end":{"line":30,"column":5}},"loc":{"start":{"line":30,"column":17},"end":{"line":32,"column":5}},"line":30}},"branchMap":{"0":{"loc":{"start":{"line":5,"column":0},"end":{"line":34,"column":1}},"type":"if","locations":[{"start":{"line":5,"column":0},"end":{"line":34,"column":1}},{"start":{},"end":{}}],"line":5}},"s":{"0":0,"1":0,"2":0,"3":0,"4":0,"5":0,"6":0,"7":0,"8":0},"f":{"0":0,"1":0,"2":0,"3":0,"4":0,"5":0,"6":0},"b":{"0":[0,0]}}
,"/Users/omar/Documents/work/show-user-details/src/components/HelloWorld.vue": {"path":"/Users/omar/Documents/work/show-user-details/src/components/HelloWorld.vue","statementMap":{"0":{"start":{"line":4,"column":0},"end":{"line":6,"column":3}},"1":{"start":{"line":7,"column":0},"end":{"line":7,"column":25}},"2":{"start":{"line":8,"column":15},"end":{"line":13,"column":1}},"3":{"start":{"line":16,"column":0},"end":{"line":16,"column":13}},"4":{"start":{"line":18,"column":0},"end":{"line":20,"column":3}},"5":{"start":{"line":21,"column":0},"end":{"line":21,"column":24}},"6":{"start":{"line":22,"column":11},"end":{"line":22,"column":25}},"7":{"start":{"line":23,"column":19},"end":{"line":25,"column":1}},"8":{"start":{"line":26,"column":32},"end":{"line":26,"column":1888}},"9":{"start":{"line":28,"column":2},"end":{"line":28,"column":187}},"10":{"start":{"line":29,"column":2},"end":{"line":29,"column":49}}},"fnMap":{"0":{"name":"render","decl":{"start":{"line":27,"column":9},"end":{"line":27,"column":15}},"loc":{"start":{"line":27,"column":30},"end":{"line":29,"column":1}},"line":27}},"branchMap":{},"s":{"0":1,"1":1,"2":1,"3":1,"4":1,"5":1,"6":1,"7":1,"8":1,"9":1,"10":1},"f":{"0":1},"b":{},"inputSourceMap":{"0":"{","1":"\"","2":"v","3":"e","4":"r","5":"s","6":"i","7":"o","8":"n","9":"\"","10":":","11":"3","12":",","13":"\"","14":"s","15":"o","16":"u","17":"r","18":"c","19":"e","20":"s","21":"\"","22":":","23":"[","24":"\"","25":"/","26":"U","27":"s","28":"e","29":"r","30":"s","31":"/","32":"o","33":"m","34":"a","35":"r","36":"/","37":"D","38":"o","39":"c","40":"u","41":"m","42":"e","43":"n","44":"t","45":"s","46":"/","47":"w","48":"o","49":"r","50":"k","51":"/","52":"s","53":"h","54":"o","55":"w","56":"-","57":"u","58":"s","59":"e","60":"r","61":"-","62":"d","63":"e","64":"t","65":"a","66":"i","67":"l","68":"s","69":"/","70":"s","71":"r","72":"c","73":"/","74":"c","75":"o","76":"m","77":"p","78":"o","79":"n","80":"e","81":"n","82":"t","83":"s","84":"/","85":"H","86":"e","87":"l","88":"l","89":"o","90":"W","91":"o","92":"r","93":"l","94":"d","95":".","96":"v","97":"u","98":"e","99":"\"","100":"]","101":",","102":"\"","103":"n","104":"a","105":"m","106":"e","107":"s","108":"\"","109":":","110":"[","111":"]","112":",","113":"\"","114":"m","115":"a","116":"p","117":"p","118":"i","119":"n","120":"g","121":"s","122":"\"","123":":","124":"\"","125":";","126":";","127":";","128":";","129":";","130":";","131":";","132":"e","133":"A","134":"y","135":"G","136":"e","137":";","138":"E","139":"A","140":"C","141":"b","142":",","143":"I","144":"A","145":"A","146":"I","147":",","148":"E","149":"A","150":"A","151":"E","152":",","153":"Y","154":"A","155":"A","156":"Y","157":";","158":"E","159":"A","160":"C","161":"l","162":"B","163":",","164":"K","165":"A","166":"A","167":"K","168":",","169":"E","170":"A","171":"A","172":"E","173":";","174":"I","175":"A","176":"C","177":"L","178":",","179":"G","180":"A","181":"A","182":"G","183":",","184":"E","185":"A","186":"A","187":"E","188":";","189":"E","190":"A","191":"C","192":"P","193":";","194":"A","195":"A","196":"C","197":"F","198":",","199":"C","200":"A","201":"A","202":"C","203":";","204":"A","205":"A","206":"A","207":"A","208":";","209":"A","210":"A","211":"A","212":"A","213":"\"","214":",","215":"\"","216":"f","217":"i","218":"l","219":"e","220":"\"","221":":","222":"\"","223":"/","224":"U","225":"s","226":"e","227":"r","228":"s","229":"/","230":"o","231":"m","232":"a","233":"r","234":"/","235":"D","236":"o","237":"c","238":"u","239":"m","240":"e","241":"n","242":"t","243":"s","244":"/","245":"w","246":"o","247":"r","248":"k","249":"/","250":"s","251":"h","252":"o","253":"w","254":"-","255":"u","256":"s","257":"e","258":"r","259":"-","260":"d","261":"e","262":"t","263":"a","264":"i","265":"l","266":"s","267":"/","268":"s","269":"r","270":"c","271":"/","272":"c","273":"o","274":"m","275":"p","276":"o","277":"n","278":"e","279":"n","280":"t","281":"s","282":"/","283":"H","284":"e","285":"l","286":"l","287":"o","288":"W","289":"o","290":"r","291":"l","292":"d","293":".","294":"v","295":"u","296":"e","297":"\"","298":",","299":"\"","300":"s","301":"o","302":"u","303":"r","304":"c","305":"e","306":"s","307":"C","308":"o","309":"n","310":"t","311":"e","312":"n","313":"t","314":"\"","315":":","316":"[","317":"\"","318":"<","319":"t","320":"e","321":"m","322":"p","323":"l","324":"a","325":"t","326":"e","327":">","328":"\\","329":"n","330":" ","331":" ","332":"<","333":"d","334":"i","335":"v","336":" ","337":"c","338":"l","339":"a","340":"s","341":"s","342":"=","343":"\\","344":"\"","345":"h","346":"e","347":"l","348":"l","349":"o","350":"\\","351":"\"","352":">","353":"\\","354":"n","355":" ","356":" ","357":" ","358":" ","359":"<","360":"h","361":"1","362":">","363":"{","364":"{","365":" ","366":"m","367":"s","368":"g","369":" ","370":"}","371":"}","372":"<","373":"/","374":"h","375":"1","376":">","377":"\\","378":"n","379":" ","380":" ","381":" ","382":" ","383":"<","384":"p","385":">","386":"\\","387":"n","388":" ","389":" ","390":" ","391":" ","392":" ","393":" ","394":"F","395":"o","396":"r","397":" ","398":"a","399":" ","400":"g","401":"u","402":"i","403":"d","404":"e","405":" ","406":"a","407":"n","408":"d","409":" ","410":"r","411":"e","412":"c","413":"i","414":"p","415":"e","416":"s","417":" ","418":"o","419":"n","420":" ","421":"h","422":"o","423":"w","424":" ","425":"t","426":"o","427":" ","428":"c","429":"o","430":"n","431":"f","432":"i","433":"g","434":"u","435":"r","436":"e","437":" ","438":"/","439":" ","440":"c","441":"u","442":"s","443":"t","444":"o","445":"m","446":"i","447":"z","448":"e","449":" ","450":"t","451":"h","452":"i","453":"s","454":" ","455":"p","456":"r","457":"o","458":"j","459":"e","460":"c","461":"t","462":",","463":"<","464":"b","465":"r","466":" ","467":"/","468":">","469":"\\","470":"n","471":" ","472":" ","473":" ","474":" ","475":" ","476":" ","477":"c","478":"h","479":"e","480":"c","481":"k","482":" ","483":"o","484":"u","485":"t","486":" ","487":"t","488":"h","489":"e","490":"\\","491":"n","492":" ","493":" ","494":" ","495":" ","496":" ","497":" ","498":"<","499":"a","500":" ","501":"h","502":"r","503":"e","504":"f","505":"=","506":"\\","507":"\"","508":"h","509":"t","510":"t","511":"p","512":"s","513":":","514":"/","515":"/","516":"c","517":"l","518":"i","519":".","520":"v","521":"u","522":"e","523":"j","524":"s","525":".","526":"o","527":"r","528":"g","529":"\\","530":"\"","531":" ","532":"t","533":"a","534":"r","535":"g","536":"e","537":"t","538":"=","539":"\\","540":"\"","541":"_","542":"b","543":"l","544":"a","545":"n","546":"k","547":"\\","548":"\"","549":" ","550":"r","551":"e","552":"l","553":"=","554":"\\","555":"\"","556":"n","557":"o","558":"o","559":"p","560":"e","561":"n","562":"e","563":"r","564":"\\","565":"\"","566":"\\","567":"n","568":" ","569":" ","570":" ","571":" ","572":" ","573":" ","574":" ","575":" ","576":">","577":"v","578":"u","579":"e","580":"-","581":"c","582":"l","583":"i","584":" ","585":"d","586":"o","587":"c","588":"u","589":"m","590":"e","591":"n","592":"t","593":"a","594":"t","595":"i","596":"o","597":"n","598":"<","599":"/","600":"a","601":"\\","602":"n","603":" ","604":" ","605":" ","606":" ","607":" ","608":" ","609":">","610":".","611":"\\","612":"n","613":" ","614":" ","615":" ","616":" ","617":"<","618":"/","619":"p","620":">","621":"\\","622":"n","623":" ","624":" ","625":" ","626":" ","627":"<","628":"h","629":"3","630":">","631":"I","632":"n","633":"s","634":"t","635":"a","636":"l","637":"l","638":"e","639":"d","640":" ","641":"C","642":"L","643":"I","644":" ","645":"P","646":"l","647":"u","648":"g","649":"i","650":"n","651":"s","652":"<","653":"/","654":"h","655":"3","656":">","657":"\\","658":"n","659":" ","660":" ","661":" ","662":" ","663":"<","664":"u","665":"l","666":">","667":"\\","668":"n","669":" ","670":" ","671":" ","672":" ","673":" ","674":" ","675":"<","676":"l","677":"i","678":">","679":"\\","680":"n","681":" ","682":" ","683":" ","684":" ","685":" ","686":" ","687":" ","688":" ","689":"<","690":"a","691":"\\","692":"n","693":" ","694":" ","695":" ","696":" ","697":" ","698":" ","699":" ","700":" ","701":" ","702":" ","703":"h","704":"r","705":"e","706":"f","707":"=","708":"\\","709":"\"","710":"h","711":"t","712":"t","713":"p","714":"s","715":":","716":"/","717":"/","718":"g","719":"i","720":"t","721":"h","722":"u","723":"b","724":".","725":"c","726":"o","727":"m","728":"/","729":"v","730":"u","731":"e","732":"j","733":"s","734":"/","735":"v","736":"u","737":"e","738":"-","739":"c","740":"l","741":"i","742":"/","743":"t","744":"r","745":"e","746":"e","747":"/","748":"d","749":"e","750":"v","751":"/","752":"p","753":"a","754":"c","755":"k","756":"a","757":"g","758":"e","759":"s","760":"/","761":"%","762":"4","763":"0","764":"v","765":"u","766":"e","767":"/","768":"c","769":"l","770":"i","771":"-","772":"p","773":"l","774":"u","775":"g","776":"i","777":"n","778":"-","779":"b","780":"a","781":"b","782":"e","783":"l","784":"\\","785":"\"","786":"\\","787":"n","788":" ","789":" ","790":" ","791":" ","792":" ","793":" ","794":" ","795":" ","796":" ","797":" ","798":"t","799":"a","800":"r","801":"g","802":"e","803":"t","804":"=","805":"\\","806":"\"","807":"_","808":"b","809":"l","810":"a","811":"n","812":"k","813":"\\","814":"\"","815":"\\","816":"n","817":" ","818":" ","819":" ","820":" ","821":" ","822":" ","823":" ","824":" ","825":" ","826":" ","827":"r","828":"e","829":"l","830":"=","831":"\\","832":"\"","833":"n","834":"o","835":"o","836":"p","837":"e","838":"n","839":"e","840":"r","841":"\\","842":"\"","843":"\\","844":"n","845":" ","846":" ","847":" ","848":" ","849":" ","850":" ","851":" ","852":" ","853":" ","854":" ","855":">","856":"b","857":"a","858":"b","859":"e","860":"l","861":"<","862":"/","863":"a","864":"\\","865":"n","866":" ","867":" ","868":" ","869":" ","870":" ","871":" ","872":" ","873":" ","874":">","875":"\\","876":"n","877":" ","878":" ","879":" ","880":" ","881":" ","882":" ","883":"<","884":"/","885":"l","886":"i","887":">","888":"\\","889":"n","890":" ","891":" ","892":" ","893":" ","894":" ","895":" ","896":"<","897":"l","898":"i","899":">","900":"\\","901":"n","902":" ","903":" ","904":" ","905":" ","906":" ","907":" ","908":" ","909":" ","910":"<","911":"a","912":"\\","913":"n","914":" ","915":" ","916":" ","917":" ","918":" ","919":" ","920":" ","921":" ","922":" ","923":" ","924":"h","925":"r","926":"e","927":"f","928":"=","929":"\\","930":"\"","931":"h","932":"t","933":"t","934":"p","935":"s","936":":","937":"/","938":"/","939":"g","940":"i","941":"t","942":"h","943":"u","944":"b","945":".","946":"c","947":"o","948":"m","949":"/","950":"v","951":"u","952":"e","953":"j","954":"s","955":"/","956":"v","957":"u","958":"e","959":"-","960":"c","961":"l","962":"i","963":"/","964":"t","965":"r","966":"e","967":"e","968":"/","969":"d","970":"e","971":"v","972":"/","973":"p","974":"a","975":"c","976":"k","977":"a","978":"g","979":"e","980":"s","981":"/","982":"%","983":"4","984":"0","985":"v","986":"u","987":"e","988":"/","989":"c","990":"l","991":"i","992":"-","993":"p","994":"l","995":"u","996":"g","997":"i","998":"n","999":"-","1000":"p","1001":"w","1002":"a","1003":"\\","1004":"\"","1005":"\\","1006":"n","1007":" ","1008":" ","1009":" ","1010":" ","1011":" ","1012":" ","1013":" ","1014":" ","1015":" ","1016":" ","1017":"t","1018":"a","1019":"r","1020":"g","1021":"e","1022":"t","1023":"=","1024":"\\","1025":"\"","1026":"_","1027":"b","1028":"l","1029":"a","1030":"n","1031":"k","1032":"\\","1033":"\"","1034":"\\","1035":"n","1036":" ","1037":" ","1038":" ","1039":" ","1040":" ","1041":" ","1042":" ","1043":" ","1044":" ","1045":" ","1046":"r","1047":"e","1048":"l","1049":"=","1050":"\\","1051":"\"","1052":"n","1053":"o","1054":"o","1055":"p","1056":"e","1057":"n","1058":"e","1059":"r","1060":"\\","1061":"\"","1062":"\\","1063":"n","1064":" ","1065":" ","1066":" ","1067":" ","1068":" ","1069":" ","1070":" ","1071":" ","1072":" ","1073":" ","1074":">","1075":"p","1076":"w","1077":"a","1078":"<","1079":"/","1080":"a","1081":"\\","1082":"n","1083":" ","1084":" ","1085":" ","1086":" ","1087":" ","1088":" ","1089":" ","1090":" ","1091":">","1092":"\\","1093":"n","1094":" ","1095":" ","1096":" ","1097":" ","1098":" ","1099":" ","1100":"<","1101":"/","1102":"l","1103":"i","1104":">","1105":"\\","1106":"n","1107":" ","1108":" ","1109":" ","1110":" ","1111":" ","1112":" ","1113":"<","1114":"l","1115":"i","1116":">","1117":"\\","1118":"n","1119":" ","1120":" ","1121":" ","1122":" ","1123":" ","1124":" ","1125":" ","1126":" ","1127":"<","1128":"a","1129":"\\","1130":"n","1131":" ","1132":" ","1133":" ","1134":" ","1135":" ","1136":" ","1137":" ","1138":" ","1139":" ","1140":" ","1141":"h","1142":"r","1143":"e","1144":"f","1145":"=","1146":"\\","1147":"\"","1148":"h","1149":"t","1150":"t","1151":"p","1152":"s","1153":":","1154":"/","1155":"/","1156":"g","1157":"i","1158":"t","1159":"h","1160":"u","1161":"b","1162":".","1163":"c","1164":"o","1165":"m","1166":"/","1167":"v","1168":"u","1169":"e","1170":"j","1171":"s","1172":"/","1173":"v","1174":"u","1175":"e","1176":"-","1177":"c","1178":"l","1179":"i","1180":"/","1181":"t","1182":"r","1183":"e","1184":"e","1185":"/","1186":"d","1187":"e","1188":"v","1189":"/","1190":"p","1191":"a","1192":"c","1193":"k","1194":"a","1195":"g","1196":"e","1197":"s","1198":"/","1199":"%","1200":"4","1201":"0","1202":"v","1203":"u","1204":"e","1205":"/","1206":"c","1207":"l","1208":"i","1209":"-","1210":"p","1211":"l","1212":"u","1213":"g","1214":"i","1215":"n","1216":"-","1217":"e","1218":"s","1219":"l","1220":"i","1221":"n","1222":"t","1223":"\\","1224":"\"","1225":"\\","1226":"n","1227":" ","1228":" ","1229":" ","1230":" ","1231":" ","1232":" ","1233":" ","1234":" ","1235":" ","1236":" ","1237":"t","1238":"a","1239":"r","1240":"g","1241":"e","1242":"t","1243":"=","1244":"\\","1245":"\"","1246":"_","1247":"b","1248":"l","1249":"a","1250":"n","1251":"k","1252":"\\","1253":"\"","1254":"\\","1255":"n","1256":" ","1257":" ","1258":" ","1259":" ","1260":" ","1261":" ","1262":" ","1263":" ","1264":" ","1265":" ","1266":"r","1267":"e","1268":"l","1269":"=","1270":"\\","1271":"\"","1272":"n","1273":"o","1274":"o","1275":"p","1276":"e","1277":"n","1278":"e","1279":"r","1280":"\\","1281":"\"","1282":"\\","1283":"n","1284":" ","1285":" ","1286":" ","1287":" ","1288":" ","1289":" ","1290":" ","1291":" ","1292":" ","1293":" ","1294":">","1295":"e","1296":"s","1297":"l","1298":"i","1299":"n","1300":"t","1301":"<","1302":"/","1303":"a","1304":"\\","1305":"n","1306":" ","1307":" ","1308":" ","1309":" ","1310":" ","1311":" ","1312":" ","1313":" ","1314":">","1315":"\\","1316":"n","1317":" ","1318":" ","1319":" ","1320":" ","1321":" ","1322":" ","1323":"<","1324":"/","1325":"l","1326":"i","1327":">","1328":"\\","1329":"n","1330":" ","1331":" ","1332":" ","1333":" ","1334":" ","1335":" ","1336":"<","1337":"l","1338":"i","1339":">","1340":"\\","1341":"n","1342":" ","1343":" ","1344":" ","1345":" ","1346":" ","1347":" ","1348":" ","1349":" ","1350":"<","1351":"a","1352":"\\","1353":"n","1354":" ","1355":" ","1356":" ","1357":" ","1358":" ","1359":" ","1360":" ","1361":" ","1362":" ","1363":" ","1364":"h","1365":"r","1366":"e","1367":"f","1368":"=","1369":"\\","1370":"\"","1371":"h","1372":"t","1373":"t","1374":"p","1375":"s","1376":":","1377":"/","1378":"/","1379":"g","1380":"i","1381":"t","1382":"h","1383":"u","1384":"b","1385":".","1386":"c","1387":"o","1388":"m","1389":"/","1390":"v","1391":"u","1392":"e","1393":"j","1394":"s","1395":"/","1396":"v","1397":"u","1398":"e","1399":"-","1400":"c","1401":"l","1402":"i","1403":"/","1404":"t","1405":"r","1406":"e","1407":"e","1408":"/","1409":"d","1410":"e","1411":"v","1412":"/","1413":"p","1414":"a","1415":"c","1416":"k","1417":"a","1418":"g","1419":"e","1420":"s","1421":"/","1422":"%","1423":"4","1424":"0","1425":"v","1426":"u","1427":"e","1428":"/","1429":"c","1430":"l","1431":"i","1432":"-","1433":"p","1434":"l","1435":"u","1436":"g","1437":"i","1438":"n","1439":"-","1440":"u","1441":"n","1442":"i","1443":"t","1444":"-","1445":"j","1446":"e","1447":"s","1448":"t","1449":"\\","1450":"\"","1451":"\\","1452":"n","1453":" ","1454":" ","1455":" ","1456":" ","1457":" ","1458":" ","1459":" ","1460":" ","1461":" ","1462":" ","1463":"t","1464":"a","1465":"r","1466":"g","1467":"e","1468":"t","1469":"=","1470":"\\","1471":"\"","1472":"_","1473":"b","1474":"l","1475":"a","1476":"n","1477":"k","1478":"\\","1479":"\"","1480":"\\","1481":"n","1482":" ","1483":" ","1484":" ","1485":" ","1486":" ","1487":" ","1488":" ","1489":" ","1490":" ","1491":" ","1492":"r","1493":"e","1494":"l","1495":"=","1496":"\\","1497":"\"","1498":"n","1499":"o","1500":"o","1501":"p","1502":"e","1503":"n","1504":"e","1505":"r","1506":"\\","1507":"\"","1508":"\\","1509":"n","1510":" ","1511":" ","1512":" ","1513":" ","1514":" ","1515":" ","1516":" ","1517":" ","1518":" ","1519":" ","1520":">","1521":"u","1522":"n","1523":"i","1524":"t","1525":"-","1526":"j","1527":"e","1528":"s","1529":"t","1530":"<","1531":"/","1532":"a","1533":"\\","1534":"n","1535":" ","1536":" ","1537":" ","1538":" ","1539":" ","1540":" ","1541":" ","1542":" ","1543":">","1544":"\\","1545":"n","1546":" ","1547":" ","1548":" ","1549":" ","1550":" ","1551":" ","1552":"<","1553":"/","1554":"l","1555":"i","1556":">","1557":"\\","1558":"n","1559":" ","1560":" ","1561":" ","1562":" ","1563":"<","1564":"/","1565":"u","1566":"l","1567":">","1568":"\\","1569":"n","1570":" ","1571":" ","1572":" ","1573":" ","1574":"<","1575":"h","1576":"3","1577":">","1578":"E","1579":"s","1580":"s","1581":"e","1582":"n","1583":"t","1584":"i","1585":"a","1586":"l","1587":" ","1588":"L","1589":"i","1590":"n","1591":"k","1592":"s","1593":"<","1594":"/","1595":"h","1596":"3","1597":">","1598":"\\","1599":"n","1600":" ","1601":" ","1602":" ","1603":" ","1604":"<","1605":"u","1606":"l","1607":">","1608":"\\","1609":"n","1610":" ","1611":" ","1612":" ","1613":" ","1614":" ","1615":" ","1616":"<","1617":"l","1618":"i","1619":">","1620":"\\","1621":"n","1622":" ","1623":" ","1624":" ","1625":" ","1626":" ","1627":" ","1628":" ","1629":" ","1630":"<","1631":"a","1632":" ","1633":"h","1634":"r","1635":"e","1636":"f","1637":"=","1638":"\\","1639":"\"","1640":"h","1641":"t","1642":"t","1643":"p","1644":"s","1645":":","1646":"/","1647":"/","1648":"v","1649":"u","1650":"e","1651":"j","1652":"s","1653":".","1654":"o","1655":"r","1656":"g","1657":"\\","1658":"\"","1659":" ","1660":"t","1661":"a","1662":"r","1663":"g","1664":"e","1665":"t","1666":"=","1667":"\\","1668":"\"","1669":"_","1670":"b","1671":"l","1672":"a","1673":"n","1674":"k","1675":"\\","1676":"\"","1677":" ","1678":"r","1679":"e","1680":"l","1681":"=","1682":"\\","1683":"\"","1684":"n","1685":"o","1686":"o","1687":"p","1688":"e","1689":"n","1690":"e","1691":"r","1692":"\\","1693":"\"","1694":">","1695":"C","1696":"o","1697":"r","1698":"e","1699":" ","1700":"D","1701":"o","1702":"c","1703":"s","1704":"<","1705":"/","1706":"a","1707":">","1708":"\\","1709":"n","1710":" ","1711":" ","1712":" ","1713":" ","1714":" ","1715":" ","1716":"<","1717":"/","1718":"l","1719":"i","1720":">","1721":"\\","1722":"n","1723":" ","1724":" ","1725":" ","1726":" ","1727":" ","1728":" ","1729":"<","1730":"l","1731":"i","1732":">","1733":"\\","1734":"n","1735":" ","1736":" ","1737":" ","1738":" ","1739":" ","1740":" ","1741":" ","1742":" ","1743":"<","1744":"a","1745":" ","1746":"h","1747":"r","1748":"e","1749":"f","1750":"=","1751":"\\","1752":"\"","1753":"h","1754":"t","1755":"t","1756":"p","1757":"s","1758":":","1759":"/","1760":"/","1761":"f","1762":"o","1763":"r","1764":"u","1765":"m","1766":".","1767":"v","1768":"u","1769":"e","1770":"j","1771":"s","1772":".","1773":"o","1774":"r","1775":"g","1776":"\\","1777":"\"","1778":" ","1779":"t","1780":"a","1781":"r","1782":"g","1783":"e","1784":"t","1785":"=","1786":"\\","1787":"\"","1788":"_","1789":"b","1790":"l","1791":"a","1792":"n","1793":"k","1794":"\\","1795":"\"","1796":" ","1797":"r","1798":"e","1799":"l","1800":"=","1801":"\\","1802":"\"","1803":"n","1804":"o","1805":"o","1806":"p","1807":"e","1808":"n","1809":"e","1810":"r","1811":"\\","1812":"\"","1813":"\\","1814":"n","1815":" ","1816":" ","1817":" ","1818":" ","1819":" ","1820":" ","1821":" ","1822":" ","1823":" ","1824":" ","1825":">","1826":"F","1827":"o","1828":"r","1829":"u","1830":"m","1831":"<","1832":"/","1833":"a","1834":"\\","1835":"n","1836":" ","1837":" ","1838":" ","1839":" ","1840":" ","1841":" ","1842":" ","1843":" ","1844":">","1845":"\\","1846":"n","1847":" ","1848":" ","1849":" ","1850":" ","1851":" ","1852":" ","1853":"<","1854":"/","1855":"l","1856":"i","1857":">","1858":"\\","1859":"n","1860":" ","1861":" ","1862":" ","1863":" ","1864":" ","1865":" ","1866":"<","1867":"l","1868":"i","1869":">","1870":"\\","1871":"n","1872":" ","1873":" ","1874":" ","1875":" ","1876":" ","1877":" ","1878":" ","1879":" ","1880":"<","1881":"a","1882":" ","1883":"h","1884":"r","1885":"e","1886":"f","1887":"=","1888":"\\","1889":"\"","1890":"h","1891":"t","1892":"t","1893":"p","1894":"s","1895":":","1896":"/","1897":"/","1898":"c","1899":"h","1900":"a","1901":"t","1902":".","1903":"v","1904":"u","1905":"e","1906":"j","1907":"s","1908":".","1909":"o","1910":"r","1911":"g","1912":"\\","1913":"\"","1914":" ","1915":"t","1916":"a","1917":"r","1918":"g","1919":"e","1920":"t","1921":"=","1922":"\\","1923":"\"","1924":"_","1925":"b","1926":"l","1927":"a","1928":"n","1929":"k","1930":"\\","1931":"\"","1932":" ","1933":"r","1934":"e","1935":"l","1936":"=","1937":"\\","1938":"\"","1939":"n","1940":"o","1941":"o","1942":"p","1943":"e","1944":"n","1945":"e","1946":"r","1947":"\\","1948":"\"","1949":"\\","1950":"n","1951":" ","1952":" ","1953":" ","1954":" ","1955":" ","1956":" ","1957":" ","1958":" ","1959":" ","1960":" ","1961":">","1962":"C","1963":"o","1964":"m","1965":"m","1966":"u","1967":"n","1968":"i","1969":"t","1970":"y","1971":" ","1972":"C","1973":"h","1974":"a","1975":"t","1976":"<","1977":"/","1978":"a","1979":"\\","1980":"n","1981":" ","1982":" ","1983":" ","1984":" ","1985":" ","1986":" ","1987":" ","1988":" ","1989":">","1990":"\\","1991":"n","1992":" ","1993":" ","1994":" ","1995":" ","1996":" ","1997":" ","1998":"<","1999":"/","2000":"l","2001":"i","2002":">","2003":"\\","2004":"n","2005":" ","2006":" ","2007":" ","2008":" ","2009":" ","2010":" ","2011":"<","2012":"l","2013":"i","2014":">","2015":"\\","2016":"n","2017":" ","2018":" ","2019":" ","2020":" ","2021":" ","2022":" ","2023":" ","2024":" ","2025":"<","2026":"a","2027":" ","2028":"h","2029":"r","2030":"e","2031":"f","2032":"=","2033":"\\","2034":"\"","2035":"h","2036":"t","2037":"t","2038":"p","2039":"s","2040":":","2041":"/","2042":"/","2043":"t","2044":"w","2045":"i","2046":"t","2047":"t","2048":"e","2049":"r","2050":".","2051":"c","2052":"o","2053":"m","2054":"/","2055":"v","2056":"u","2057":"e","2058":"j","2059":"s","2060":"\\","2061":"\"","2062":" ","2063":"t","2064":"a","2065":"r","2066":"g","2067":"e","2068":"t","2069":"=","2070":"\\","2071":"\"","2072":"_","2073":"b","2074":"l","2075":"a","2076":"n","2077":"k","2078":"\\","2079":"\"","2080":" ","2081":"r","2082":"e","2083":"l","2084":"=","2085":"\\","2086":"\"","2087":"n","2088":"o","2089":"o","2090":"p","2091":"e","2092":"n","2093":"e","2094":"r","2095":"\\","2096":"\"","2097":"\\","2098":"n","2099":" ","2100":" ","2101":" ","2102":" ","2103":" ","2104":" ","2105":" ","2106":" ","2107":" ","2108":" ","2109":">","2110":"T","2111":"w","2112":"i","2113":"t","2114":"t","2115":"e","2116":"r","2117":"<","2118":"/","2119":"a","2120":"\\","2121":"n","2122":" ","2123":" ","2124":" ","2125":" ","2126":" ","2127":" ","2128":" ","2129":" ","2130":">","2131":"\\","2132":"n","2133":" ","2134":" ","2135":" ","2136":" ","2137":" ","2138":" ","2139":"<","2140":"/","2141":"l","2142":"i","2143":">","2144":"\\","2145":"n","2146":" ","2147":" ","2148":" ","2149":" ","2150":" ","2151":" ","2152":"<","2153":"l","2154":"i","2155":">","2156":"\\","2157":"n","2158":" ","2159":" ","2160":" ","2161":" ","2162":" ","2163":" ","2164":" ","2165":" ","2166":"<","2167":"a","2168":" ","2169":"h","2170":"r","2171":"e","2172":"f","2173":"=","2174":"\\","2175":"\"","2176":"h","2177":"t","2178":"t","2179":"p","2180":"s","2181":":","2182":"/","2183":"/","2184":"n","2185":"e","2186":"w","2187":"s","2188":".","2189":"v","2190":"u","2191":"e","2192":"j","2193":"s","2194":".","2195":"o","2196":"r","2197":"g","2198":"\\","2199":"\"","2200":" ","2201":"t","2202":"a","2203":"r","2204":"g","2205":"e","2206":"t","2207":"=","2208":"\\","2209":"\"","2210":"_","2211":"b","2212":"l","2213":"a","2214":"n","2215":"k","2216":"\\","2217":"\"","2218":" ","2219":"r","2220":"e","2221":"l","2222":"=","2223":"\\","2224":"\"","2225":"n","2226":"o","2227":"o","2228":"p","2229":"e","2230":"n","2231":"e","2232":"r","2233":"\\","2234":"\"","2235":">","2236":"N","2237":"e","2238":"w","2239":"s","2240":"<","2241":"/","2242":"a","2243":">","2244":"\\","2245":"n","2246":" ","2247":" ","2248":" ","2249":" ","2250":" ","2251":" ","2252":"<","2253":"/","2254":"l","2255":"i","2256":">","2257":"\\","2258":"n","2259":" ","2260":" ","2261":" ","2262":" ","2263":"<","2264":"/","2265":"u","2266":"l","2267":">","2268":"\\","2269":"n","2270":" ","2271":" ","2272":" ","2273":" ","2274":"<","2275":"h","2276":"3","2277":">","2278":"E","2279":"c","2280":"o","2281":"s","2282":"y","2283":"s","2284":"t","2285":"e","2286":"m","2287":"<","2288":"/","2289":"h","2290":"3","2291":">","2292":"\\","2293":"n","2294":" ","2295":" ","2296":" ","2297":" ","2298":"<","2299":"u","2300":"l","2301":">","2302":"\\","2303":"n","2304":" ","2305":" ","2306":" ","2307":" ","2308":" ","2309":" ","2310":"<","2311":"l","2312":"i","2313":">","2314":"\\","2315":"n","2316":" ","2317":" ","2318":" ","2319":" ","2320":" ","2321":" ","2322":" ","2323":" ","2324":"<","2325":"a","2326":" ","2327":"h","2328":"r","2329":"e","2330":"f","2331":"=","2332":"\\","2333":"\"","2334":"h","2335":"t","2336":"t","2337":"p","2338":"s","2339":":","2340":"/","2341":"/","2342":"r","2343":"o","2344":"u","2345":"t","2346":"e","2347":"r","2348":".","2349":"v","2350":"u","2351":"e","2352":"j","2353":"s","2354":".","2355":"o","2356":"r","2357":"g","2358":"\\","2359":"\"","2360":" ","2361":"t","2362":"a","2363":"r","2364":"g","2365":"e","2366":"t","2367":"=","2368":"\\","2369":"\"","2370":"_","2371":"b","2372":"l","2373":"a","2374":"n","2375":"k","2376":"\\","2377":"\"","2378":" ","2379":"r","2380":"e","2381":"l","2382":"=","2383":"\\","2384":"\"","2385":"n","2386":"o","2387":"o","2388":"p","2389":"e","2390":"n","2391":"e","2392":"r","2393":"\\","2394":"\"","2395":"\\","2396":"n","2397":" ","2398":" ","2399":" ","2400":" ","2401":" ","2402":" ","2403":" ","2404":" ","2405":" ","2406":" ","2407":">","2408":"v","2409":"u","2410":"e","2411":"-","2412":"r","2413":"o","2414":"u","2415":"t","2416":"e","2417":"r","2418":"<","2419":"/","2420":"a","2421":"\\","2422":"n","2423":" ","2424":" ","2425":" ","2426":" ","2427":" ","2428":" ","2429":" ","2430":" ","2431":">","2432":"\\","2433":"n","2434":" ","2435":" ","2436":" ","2437":" ","2438":" ","2439":" ","2440":"<","2441":"/","2442":"l","2443":"i","2444":">","2445":"\\","2446":"n","2447":" ","2448":" ","2449":" ","2450":" ","2451":" ","2452":" ","2453":"<","2454":"l","2455":"i","2456":">","2457":"\\","2458":"n","2459":" ","2460":" ","2461":" ","2462":" ","2463":" ","2464":" ","2465":" ","2466":" ","2467":"<","2468":"a","2469":" ","2470":"h","2471":"r","2472":"e","2473":"f","2474":"=","2475":"\\","2476":"\"","2477":"h","2478":"t","2479":"t","2480":"p","2481":"s","2482":":","2483":"/","2484":"/","2485":"v","2486":"u","2487":"e","2488":"x","2489":".","2490":"v","2491":"u","2492":"e","2493":"j","2494":"s","2495":".","2496":"o","2497":"r","2498":"g","2499":"\\","2500":"\"","2501":" ","2502":"t","2503":"a","2504":"r","2505":"g","2506":"e","2507":"t","2508":"=","2509":"\\","2510":"\"","2511":"_","2512":"b","2513":"l","2514":"a","2515":"n","2516":"k","2517":"\\","2518":"\"","2519":" ","2520":"r","2521":"e","2522":"l","2523":"=","2524":"\\","2525":"\"","2526":"n","2527":"o","2528":"o","2529":"p","2530":"e","2531":"n","2532":"e","2533":"r","2534":"\\","2535":"\"","2536":">","2537":"v","2538":"u","2539":"e","2540":"x","2541":"<","2542":"/","2543":"a","2544":">","2545":"\\","2546":"n","2547":" ","2548":" ","2549":" ","2550":" ","2551":" ","2552":" ","2553":"<","2554":"/","2555":"l","2556":"i","2557":">","2558":"\\","2559":"n","2560":" ","2561":" ","2562":" ","2563":" ","2564":" ","2565":" ","2566":"<","2567":"l","2568":"i","2569":">","2570":"\\","2571":"n","2572":" ","2573":" ","2574":" ","2575":" ","2576":" ","2577":" ","2578":" ","2579":" ","2580":"<","2581":"a","2582":"\\","2583":"n","2584":" ","2585":" ","2586":" ","2587":" ","2588":" ","2589":" ","2590":" ","2591":" ","2592":" ","2593":" ","2594":"h","2595":"r","2596":"e","2597":"f","2598":"=","2599":"\\","2600":"\"","2601":"h","2602":"t","2603":"t","2604":"p","2605":"s","2606":":","2607":"/","2608":"/","2609":"g","2610":"i","2611":"t","2612":"h","2613":"u","2614":"b","2615":".","2616":"c","2617":"o","2618":"m","2619":"/","2620":"v","2621":"u","2622":"e","2623":"j","2624":"s","2625":"/","2626":"v","2627":"u","2628":"e","2629":"-","2630":"d","2631":"e","2632":"v","2633":"t","2634":"o","2635":"o","2636":"l","2637":"s","2638":"#","2639":"v","2640":"u","2641":"e","2642":"-","2643":"d","2644":"e","2645":"v","2646":"t","2647":"o","2648":"o","2649":"l","2650":"s","2651":"\\","2652":"\"","2653":"\\","2654":"n","2655":" ","2656":" ","2657":" ","2658":" ","2659":" ","2660":" ","2661":" ","2662":" ","2663":" ","2664":" ","2665":"t","2666":"a","2667":"r","2668":"g","2669":"e","2670":"t","2671":"=","2672":"\\","2673":"\"","2674":"_","2675":"b","2676":"l","2677":"a","2678":"n","2679":"k","2680":"\\","2681":"\"","2682":"\\","2683":"n","2684":" ","2685":" ","2686":" ","2687":" ","2688":" ","2689":" ","2690":" ","2691":" ","2692":" ","2693":" ","2694":"r","2695":"e","2696":"l","2697":"=","2698":"\\","2699":"\"","2700":"n","2701":"o","2702":"o","2703":"p","2704":"e","2705":"n","2706":"e","2707":"r","2708":"\\","2709":"\"","2710":"\\","2711":"n","2712":" ","2713":" ","2714":" ","2715":" ","2716":" ","2717":" ","2718":" ","2719":" ","2720":" ","2721":" ","2722":">","2723":"v","2724":"u","2725":"e","2726":"-","2727":"d","2728":"e","2729":"v","2730":"t","2731":"o","2732":"o","2733":"l","2734":"s","2735":"<","2736":"/","2737":"a","2738":"\\","2739":"n","2740":" ","2741":" ","2742":" ","2743":" ","2744":" ","2745":" ","2746":" ","2747":" ","2748":">","2749":"\\","2750":"n","2751":" ","2752":" ","2753":" ","2754":" ","2755":" ","2756":" ","2757":"<","2758":"/","2759":"l","2760":"i","2761":">","2762":"\\","2763":"n","2764":" ","2765":" ","2766":" ","2767":" ","2768":" ","2769":" ","2770":"<","2771":"l","2772":"i","2773":">","2774":"\\","2775":"n","2776":" ","2777":" ","2778":" ","2779":" ","2780":" ","2781":" ","2782":" ","2783":" ","2784":"<","2785":"a","2786":" ","2787":"h","2788":"r","2789":"e","2790":"f","2791":"=","2792":"\\","2793":"\"","2794":"h","2795":"t","2796":"t","2797":"p","2798":"s","2799":":","2800":"/","2801":"/","2802":"v","2803":"u","2804":"e","2805":"-","2806":"l","2807":"o","2808":"a","2809":"d","2810":"e","2811":"r","2812":".","2813":"v","2814":"u","2815":"e","2816":"j","2817":"s","2818":".","2819":"o","2820":"r","2821":"g","2822":"\\","2823":"\"","2824":" ","2825":"t","2826":"a","2827":"r","2828":"g","2829":"e","2830":"t","2831":"=","2832":"\\","2833":"\"","2834":"_","2835":"b","2836":"l","2837":"a","2838":"n","2839":"k","2840":"\\","2841":"\"","2842":" ","2843":"r","2844":"e","2845":"l","2846":"=","2847":"\\","2848":"\"","2849":"n","2850":"o","2851":"o","2852":"p","2853":"e","2854":"n","2855":"e","2856":"r","2857":"\\","2858":"\"","2859":"\\","2860":"n","2861":" ","2862":" ","2863":" ","2864":" ","2865":" ","2866":" ","2867":" ","2868":" ","2869":" ","2870":" ","2871":">","2872":"v","2873":"u","2874":"e","2875":"-","2876":"l","2877":"o","2878":"a","2879":"d","2880":"e","2881":"r","2882":"<","2883":"/","2884":"a","2885":"\\","2886":"n","2887":" ","2888":" ","2889":" ","2890":" ","2891":" ","2892":" ","2893":" ","2894":" ","2895":">","2896":"\\","2897":"n","2898":" ","2899":" ","2900":" ","2901":" ","2902":" ","2903":" ","2904":"<","2905":"/","2906":"l","2907":"i","2908":">","2909":"\\","2910":"n","2911":" ","2912":" ","2913":" ","2914":" ","2915":" ","2916":" ","2917":"<","2918":"l","2919":"i","2920":">","2921":"\\","2922":"n","2923":" ","2924":" ","2925":" ","2926":" ","2927":" ","2928":" ","2929":" ","2930":" ","2931":"<","2932":"a","2933":"\\","2934":"n","2935":" ","2936":" ","2937":" ","2938":" ","2939":" ","2940":" ","2941":" ","2942":" ","2943":" ","2944":" ","2945":"h","2946":"r","2947":"e","2948":"f","2949":"=","2950":"\\","2951":"\"","2952":"h","2953":"t","2954":"t","2955":"p","2956":"s","2957":":","2958":"/","2959":"/","2960":"g","2961":"i","2962":"t","2963":"h","2964":"u","2965":"b","2966":".","2967":"c","2968":"o","2969":"m","2970":"/","2971":"v","2972":"u","2973":"e","2974":"j","2975":"s","2976":"/","2977":"a","2978":"w","2979":"e","2980":"s","2981":"o","2982":"m","2983":"e","2984":"-","2985":"v","2986":"u","2987":"e","2988":"\\","2989":"\"","2990":"\\","2991":"n","2992":" ","2993":" ","2994":" ","2995":" ","2996":" ","2997":" ","2998":" ","2999":" ","3000":" ","3001":" ","3002":"t","3003":"a","3004":"r","3005":"g","3006":"e","3007":"t","3008":"=","3009":"\\","3010":"\"","3011":"_","3012":"b","3013":"l","3014":"a","3015":"n","3016":"k","3017":"\\","3018":"\"","3019":"\\","3020":"n","3021":" ","3022":" ","3023":" ","3024":" ","3025":" ","3026":" ","3027":" ","3028":" ","3029":" ","3030":" ","3031":"r","3032":"e","3033":"l","3034":"=","3035":"\\","3036":"\"","3037":"n","3038":"o","3039":"o","3040":"p","3041":"e","3042":"n","3043":"e","3044":"r","3045":"\\","3046":"\"","3047":"\\","3048":"n","3049":" ","3050":" ","3051":" ","3052":" ","3053":" ","3054":" ","3055":" ","3056":" ","3057":" ","3058":" ","3059":">","3060":"a","3061":"w","3062":"e","3063":"s","3064":"o","3065":"m","3066":"e","3067":"-","3068":"v","3069":"u","3070":"e","3071":"<","3072":"/","3073":"a","3074":"\\","3075":"n","3076":" ","3077":" ","3078":" ","3079":" ","3080":" ","3081":" ","3082":" ","3083":" ","3084":">","3085":"\\","3086":"n","3087":" ","3088":" ","3089":" ","3090":" ","3091":" ","3092":" ","3093":"<","3094":"/","3095":"l","3096":"i","3097":">","3098":"\\","3099":"n","3100":" ","3101":" ","3102":" ","3103":" ","3104":"<","3105":"/","3106":"u","3107":"l","3108":">","3109":"\\","3110":"n","3111":" ","3112":" ","3113":"<","3114":"/","3115":"d","3116":"i","3117":"v","3118":">","3119":"\\","3120":"n","3121":"<","3122":"/","3123":"t","3124":"e","3125":"m","3126":"p","3127":"l","3128":"a","3129":"t","3130":"e","3131":">","3132":"\\","3133":"n","3134":"\\","3135":"n","3136":"<","3137":"s","3138":"c","3139":"r","3140":"i","3141":"p","3142":"t","3143":">","3144":"\\","3145":"n","3146":"e","3147":"x","3148":"p","3149":"o","3150":"r","3151":"t","3152":" ","3153":"d","3154":"e","3155":"f","3156":"a","3157":"u","3158":"l","3159":"t","3160":" ","3161":"{","3162":"\\","3163":"n","3164":" ","3165":" ","3166":"n","3167":"a","3168":"m","3169":"e","3170":":","3171":" ","3172":"\\","3173":"\"","3174":"H","3175":"e","3176":"l","3177":"l","3178":"o","3179":"W","3180":"o","3181":"r","3182":"l","3183":"d","3184":"\\","3185":"\"","3186":",","3187":"\\","3188":"n","3189":" ","3190":" ","3191":"p","3192":"r","3193":"o","3194":"p","3195":"s","3196":":","3197":" ","3198":"{","3199":"\\","3200":"n","3201":" ","3202":" ","3203":" ","3204":" ","3205":"m","3206":"s","3207":"g","3208":":","3209":" ","3210":"S","3211":"t","3212":"r","3213":"i","3214":"n","3215":"g","3216":",","3217":"\\","3218":"n","3219":" ","3220":" ","3221":"}","3222":",","3223":"\\","3224":"n","3225":"}","3226":";","3227":"\\","3228":"n","3229":"<","3230":"/","3231":"s","3232":"c","3233":"r","3234":"i","3235":"p","3236":"t","3237":">","3238":"\\","3239":"n","3240":"\\","3241":"n","3242":"<","3243":"!","3244":"-","3245":"-","3246":" ","3247":"A","3248":"d","3249":"d","3250":" ","3251":"\\","3252":"\"","3253":"s","3254":"c","3255":"o","3256":"p","3257":"e","3258":"d","3259":"\\","3260":"\"","3261":" ","3262":"a","3263":"t","3264":"t","3265":"r","3266":"i","3267":"b","3268":"u","3269":"t","3270":"e","3271":" ","3272":"t","3273":"o","3274":" ","3275":"l","3276":"i","3277":"m","3278":"i","3279":"t","3280":" ","3281":"C","3282":"S","3283":"S","3284":" ","3285":"t","3286":"o","3287":" ","3288":"t","3289":"h","3290":"i","3291":"s","3292":" ","3293":"c","3294":"o","3295":"m","3296":"p","3297":"o","3298":"n","3299":"e","3300":"n","3301":"t","3302":" ","3303":"o","3304":"n","3305":"l","3306":"y","3307":" ","3308":"-","3309":"-","3310":">","3311":"\\","3312":"n","3313":"<","3314":"s","3315":"t","3316":"y","3317":"l","3318":"e","3319":" ","3320":"s","3321":"c","3322":"o","3323":"p","3324":"e","3325":"d","3326":" ","3327":"l","3328":"a","3329":"n","3330":"g","3331":"=","3332":"\\","3333":"\"","3334":"s","3335":"c","3336":"s","3337":"s","3338":"\\","3339":"\"","3340":">","3341":"\\","3342":"n","3343":"h","3344":"3","3345":" ","3346":"{","3347":"\\","3348":"n","3349":" ","3350":" ","3351":"m","3352":"a","3353":"r","3354":"g","3355":"i","3356":"n","3357":":","3358":" ","3359":"4","3360":"0","3361":"p","3362":"x","3363":" ","3364":"0","3365":" ","3366":"0","3367":";","3368":"\\","3369":"n","3370":"}","3371":"\\","3372":"n","3373":"u","3374":"l","3375":" ","3376":"{","3377":"\\","3378":"n","3379":" ","3380":" ","3381":"l","3382":"i","3383":"s","3384":"t","3385":"-","3386":"s","3387":"t","3388":"y","3389":"l","3390":"e","3391":"-","3392":"t","3393":"y","3394":"p","3395":"e","3396":":","3397":" ","3398":"n","3399":"o","3400":"n","3401":"e","3402":";","3403":"\\","3404":"n","3405":" ","3406":" ","3407":"p","3408":"a","3409":"d","3410":"d","3411":"i","3412":"n","3413":"g","3414":":","3415":" ","3416":"0","3417":";","3418":"\\","3419":"n","3420":"}","3421":"\\","3422":"n","3423":"l","3424":"i","3425":" ","3426":"{","3427":"\\","3428":"n","3429":" ","3430":" ","3431":"d","3432":"i","3433":"s","3434":"p","3435":"l","3436":"a","3437":"y","3438":":","3439":" ","3440":"i","3441":"n","3442":"l","3443":"i","3444":"n","3445":"e","3446":"-","3447":"b","3448":"l","3449":"o","3450":"c","3451":"k","3452":";","3453":"\\","3454":"n","3455":" ","3456":" ","3457":"m","3458":"a","3459":"r","3460":"g","3461":"i","3462":"n","3463":":","3464":" ","3465":"0","3466":" ","3467":"1","3468":"0","3469":"p","3470":"x","3471":";","3472":"\\","3473":"n","3474":"}","3475":"\\","3476":"n","3477":"a","3478":" ","3479":"{","3480":"\\","3481":"n","3482":" ","3483":" ","3484":"c","3485":"o","3486":"l","3487":"o","3488":"r","3489":":","3490":" ","3491":"#","3492":"4","3493":"2","3494":"b","3495":"9","3496":"8","3497":"3","3498":";","3499":"\\","3500":"n","3501":"}","3502":"\\","3503":"n","3504":"<","3505":"/","3506":"s","3507":"t","3508":"y","3509":"l","3510":"e","3511":">","3512":"\\","3513":"n","3514":"\"","3515":"]","3516":"}"},"_coverageSchema":"1a1c01bbd47fc00a2c39e90264f33305004495a9","hash":"efbf0765e4e1b8707896d509b498c243e8c12150"}
}
